Traceback (most recent call last):
  File "/external/application/gcloud/install/google-cloud-sdk/bin/dev_appserver.py", line 12, in <module>
    from bootstrapping import bootstrapping
  File "/external/application/gcloud/install/google-cloud-sdk/bin/bootstrapping/bootstrapping.py", line 45, in <module>
    from googlecloudsdk.core.updater import update_manager
  File "/external/application/gcloud/install/google-cloud-sdk/lib/googlecloudsdk/core/updater/update_manager.py", line 34, in <module>
    from googlecloudsdk.core import yaml
  File "/external/application/gcloud/install/google-cloud-sdk/lib/googlecloudsdk/core/yaml.py", line 32, in <module>
    from typing import Any, AnyStr, Generator, IO, Iterable, Optional, Union  # pylint: disable=unused-import, for pytype
  File "/external/application/gcloud/install/google-cloud-sdk/lib/third_party/typing/__init__.py", line 18, in <module>
    from typing.python2.typing import *
  File "/external/application/gcloud/install/google-cloud-sdk/lib/third_party/typing/python2/typing.py", line 2124, in <module>
    class BinaryIO(IO[bytes]):
  File "/external/application/gcloud/install/google-cloud-sdk/lib/third_party/typing/python2/typing.py", line 755, in inner
    value = func(*args)
  File "/external/application/gcloud/install/google-cloud-sdk/lib/third_party/typing/python2/typing.py", line 1234, in __getitem__
    orig_bases=self.__orig_bases__)
  File "/external/application/gcloud/install/google-cloud-sdk/lib/third_party/typing/python2/typing.py", line 1059, in __new__
    bases = tuple(b._gorg if isinstance(b, GenericMeta) else b for b in bases)
  File "/external/application/gcloud/install/google-cloud-sdk/lib/third_party/typing/python2/typing.py", line 1059, in <genexpr>
    bases = tuple(b._gorg if isinstance(b, GenericMeta) else b for b in bases)
KeyboardInterrupt
